GROUP,PACKAGE,CLASS,INSTRUCTION_MISSED,INSTRUCTION_COVERED,BRANCH_MISSED,BRANCH_COVERED,LINE_MISSED,LINE_COVERED,COMPLEXITY_MISSED,COMPLEXITY_COVERED,METHOD_MISSED,METHOD_COVERED
frontoffice,nl.tochbedrijf.frontoffice.web.rest,BookController,0,31,0,0,0,9,0,6,0,6
frontoffice,nl.tochbedrijf.frontoffice.web.rest,BookNotFoundException,0,11,0,0,0,2,0,1,0,1
frontoffice,nl.tochbedrijf.frontoffice.web.rest,GlobalExceptionHandler,8,10,0,0,2,2,1,2,1,2
frontoffice,nl.tochbedrijf.frontoffice.services.dtos,BookDTO,0,12,0,0,0,1,0,1,0,1
frontoffice,nl.tochbedrijf.frontoffice,FrontofficeApplication,5,3,0,0,2,1,1,1,1,1
frontoffice,nl.tochbedrijf.frontoffice.entities,Book,21,35,0,0,6,14,4,7,4,7
frontoffice,nl.tochbedrijf.frontoffice.services,BookService,5,119,0,2,0,22,1,12,1,11
